<?xml version="1.0" encoding="UTF-8"?>
<testsuite xmlns:xsi="http://www.w3.org/2001/XMLSchema-instance" xsi:noNamespaceSchemaLocation="https://maven.apache.org/surefire/maven-surefire-plugin/xsd/surefire-test-report-3.0.xsd" version="3.0" name="runner.RunCucumberTests" time="0.277" tests="5" errors="0" skipped="0" failures="0">
  <properties>
[...]
</properties>
  <testcase name="User successfully creates a request token" classname="Create a request token for the user" time="0.045">
    <system-out><![CDATA[
@authentication
Scenario: User successfully creates a request token &amp#27;[90m# src/test/resources/features/CreateRequestToken.feature:3&amp#27;[0m
0 [main] INFO utils.TestLogger  - I'm bringing to you a valid API key for T.M.D
  &amp#27;[32mGiven &amp#27;[0m&amp#27;[32mthe user has a valid API key&amp#27;[0m                &amp#27;[90m# common.BaseStepsDefinition.userHasValidAPIKey()&amp#27;[0m
1 [main] INFO utils.TestLogger  - You're using the TMD API endpoint to create request token...
1 [main] INFO utils.TestLogger  - You're using the API key: valid API key
  &amp#27;[32mWhen &amp#27;[0m&amp#27;[32mthe user do the request with the API key&amp#27;[0m     &amp#27;[90m# authentication.stepdefs.StepDefinitions.userDoRequestWithAPIKey()&amp#27;[0m
  &amp#27;[32mThen &amp#27;[0m&amp#27;[32mrequest token is successfully created&amp#27;[0m        &amp#27;[90m# authentication.stepdefs.StepDefinitions.requestTokenSuccessfullyCreated()&amp#27;[0m
  &amp#27;[32mAnd &amp#27;[0m&amp#27;[32mfield "success" is true&amp#27;[0m                       &amp#27;[90m# authentication.stepdefs.StepDefinitions.fieldIsTrue()&amp#27;[0m
  &amp#27;[32mAnd &amp#27;[0m&amp#27;[32mfield "expires at" is a valid expiration date&amp#27;[0m &amp#27;[90m# authentication.stepdefs.StepDefinitions.fieldIsAValidDate()&amp#27;[0m
]]></system-out>
  </testcase>
  <testcase name="User cannot create a request token" classname="Create a request token for the user" time="0.006">
    <system-out><![CDATA[
@authentication
Scenario: User cannot create a request token                                    &amp#27;[90m# src/test/resources/features/CreateRequestToken.feature:10&amp#27;[0m
6 [main] INFO utils.TestLogger  - I'm bringing to you an invalid API key for T.M.D
  &amp#27;[32mGiven &amp#27;[0m&amp#27;[32mthe user has an invalid API key&amp#27;[0m                                         &amp#27;[90m# common.BaseStepsDefinition.userHasInvalidAPIKey()&amp#27;[0m
7 [main] INFO utils.TestLogger  - You're using the TMD API endpoint to create request token...
7 [main] INFO utils.TestLogger  - You're using the API key: invalid API key
7 [main] ERROR utils.TestLogger  - Invalid API key: You must be granted a valid key
  &amp#27;[32mWhen &amp#27;[0m&amp#27;[32mthe user do the request with the API key&amp#27;[0m                                 &amp#27;[90m# authentication.stepdefs.StepDefinitions.userDoRequestWithAPIKey()&amp#27;[0m
  &amp#27;[32mThen &amp#27;[0m&amp#27;[32mthe status message is &amp#27;[0m&amp#27;[32m&amp#27;[1m"Invalid API key: You must be granted a valid key"&amp#27;[0m &amp#27;[90m# authentication.stepdefs.StepDefinitions.anErrorMessageIsDisplayed(java.lang.String)&amp#27;[0m
  &amp#27;[32mAnd &amp#27;[0m&amp#27;[32mfield "success" is false&amp#27;[0m                                                  &amp#27;[90m# authentication.stepdefs.StepDefinitions.fieldIsFalse()&amp#27;[0m
  &amp#27;[32mAnd &amp#27;[0m&amp#27;[32m"status_code" is &amp#27;[0m&amp#27;[32m&amp#27;[1m7&amp#27;[0m                                                        &amp#27;[90m# authentication.stepdefs.StepDefinitions.fieldIsNumber(int)&amp#27;[0m
]]></system-out>
  </testcase>
  <testcase name="User successfully gets company details" classname="Get company details" time="0.008">
    <system-out><![CDATA[
@companies
Scenario: User successfully gets company details     &amp#27;[90m# src/test/resources/features/GetCompanyDetails.feature:3&amp#27;[0m
16 [main] INFO utils.TestLogger  - I'm bringing to you a valid API key for T.M.D
  &amp#27;[32mGiven &amp#27;[0m&amp#27;[32mthe user has a valid API key&amp#27;[0m                 &amp#27;[90m# common.BaseStepsDefinition.userHasValidAPIKey()&amp#27;[0m
  &amp#27;[32mAnd &amp#27;[0m&amp#27;[32mthe user has the company id &amp#27;[0m&amp#27;[32m&amp#27;[1m"valid company id"&amp#27;[0m &amp#27;[90m# companies.stepdefs.StepDefinitions.userHasCompanyID(java.lang.String)&amp#27;[0m
  &amp#27;[32mWhen &amp#27;[0m&amp#27;[32mthe user do the request&amp#27;[0m                       &amp#27;[90m# companies.stepdefs.StepDefinitions.userDoRequest()&amp#27;[0m
  &amp#27;[32mThen &amp#27;[0m&amp#27;[32mcompany details are not null&amp#27;[0m                  &amp#27;[90m# companies.stepdefs.StepDefinitions.detailsAreNotNull()&amp#27;[0m
  &amp#27;[32mAnd &amp#27;[0m&amp#27;[32mfield "company_name" is &amp#27;[0m&amp#27;[32m&amp#27;[1m"Lucasfilm"&amp#27;[0m            &amp#27;[90m# companies.stepdefs.StepDefinitions.validateCompanyName(java.lang.String)&amp#27;[0m
]]></system-out>
  </testcase>
  <testcase name="User cannot get company details due to invalid company id" classname="Get company details" time="0.003">
    <system-out><![CDATA[
@companies
Scenario: User cannot get company details due to invalid company id             &amp#27;[90m# src/test/resources/features/GetCompanyDetails.feature:11&amp#27;[0m
21 [main] INFO utils.TestLogger  - I'm bringing to you a valid API key for T.M.D
  &amp#27;[32mGiven &amp#27;[0m&amp#27;[32mthe user has a valid API key&amp#27;[0m                                            &amp#27;[90m# common.BaseStepsDefinition.userHasValidAPIKey()&amp#27;[0m
  &amp#27;[32mAnd &amp#27;[0m&amp#27;[32mthe user has the company id &amp#27;[0m&amp#27;[32m&amp#27;[1m"invalid company id"&amp#27;[0m                          &amp#27;[90m# companies.stepdefs.StepDefinitions.userHasCompanyID(java.lang.String)&amp#27;[0m
  &amp#27;[32mWhen &amp#27;[0m&amp#27;[32mthe user do the request&amp#27;[0m                                                  &amp#27;[90m# companies.stepdefs.StepDefinitions.userDoRequest()&amp#27;[0m
  &amp#27;[32mThen &amp#27;[0m&amp#27;[32mcompany details are null&amp#27;[0m                                                 &amp#27;[90m# companies.stepdefs.StepDefinitions.detailsAreNull()&amp#27;[0m
  &amp#27;[32mAnd &amp#27;[0m&amp#27;[32mfield "status_message" is &amp#27;[0m&amp#27;[32m&amp#27;[1m"The resource you requested could not be found"&amp#27;[0m &amp#27;[90m# companies.stepdefs.StepDefinitions.validateStatusMessage(java.lang.String)&amp#27;[0m
  &amp#27;[32mAnd &amp#27;[0m&amp#27;[32mfield "status_code" is &amp#27;[0m&amp#27;[32m&amp#27;[1m34&amp#27;[0m                                                 &amp#27;[90m# companies.stepdefs.StepDefinitions.validateStatusCode(int)&amp#27;[0m
]]></system-out>
  </testcase>
  <testcase name="User cannot get company details due to invalid API key" classname="Get company details" time="0.004">
    <system-out><![CDATA[
@companies
Scenario: User cannot get company details due to invalid API key                   &amp#27;[90m# src/test/resources/features/GetCompanyDetails.feature:20&amp#27;[0m
24 [main] INFO utils.TestLogger  - I'm bringing to you an invalid API key for T.M.D
  &amp#27;[32mGiven &amp#27;[0m&amp#27;[32mthe user has an invalid API key&amp#27;[0m                                            &amp#27;[90m# common.BaseStepsDefinition.userHasInvalidAPIKey()&amp#27;[0m
  &amp#27;[32mAnd &amp#27;[0m&amp#27;[32mthe user has the company id &amp#27;[0m&amp#27;[32m&amp#27;[1m"valid company id"&amp#27;[0m                               &amp#27;[90m# companies.stepdefs.StepDefinitions.userHasCompanyID(java.lang.String)&amp#27;[0m
  &amp#27;[32mWhen &amp#27;[0m&amp#27;[32mthe user do the request&amp#27;[0m                                                     &amp#27;[90m# companies.stepdefs.StepDefinitions.userDoRequest()&amp#27;[0m
  &amp#27;[32mThen &amp#27;[0m&amp#27;[32mcompany details are null&amp#27;[0m                                                    &amp#27;[90m# companies.stepdefs.StepDefinitions.detailsAreNull()&amp#27;[0m
  &amp#27;[32mAnd &amp#27;[0m&amp#27;[32mfield "status_message" is &amp#27;[0m&amp#27;[32m&amp#27;[1m"Invalid API key: You must be granted a valid key"&amp#27;[0m &amp#27;[90m# companies.stepdefs.StepDefinitions.validateStatusMessage(java.lang.String)&amp#27;[0m
  &amp#27;[32mAnd &amp#27;[0m&amp#27;[32mfield "status_code" is &amp#27;[0m&amp#27;[32m&amp#27;[1m7&amp#27;[0m                                                     &amp#27;[90m# companies.stepdefs.StepDefinitions.validateStatusCode(int)&amp#27;[0m
  &amp#27;[32mAnd &amp#27;[0m&amp#27;[32m"success" field is false&amp#27;[0m                                                     &amp#27;[90m# companies.stepdefs.StepDefinitions.validateSuccess()&amp#27;[0m
]]></system-out>
  </testcase>
</testsuite>