<?xml version="1.0" encoding="UTF-8"?>
<testsuite xmlns:xsi="http://www.w3.org/2001/XMLSchema-instance" xsi:noNamespaceSchemaLocation="https://maven.apache.org/surefire/maven-surefire-plugin/xsd/surefire-test-report-3.0.xsd" version="3.0" name="authentication.runners.Runner" time="0.151" tests="1" errors="0" skipped="0" failures="0">
  <properties>
[...]
</properties>
  <testcase name="Users successfully create a request token" classname="Create a request token for the user" time="0.039">
    <system-out><![CDATA[0 [main] INFO authentication.utils.TestLogger  - I'm bringing to you a valid API key for T.M.D
4 [main] INFO authentication.utils.TestLogger  - You're using the TMD API endpoint to create request token...
4 [main] INFO authentication.utils.TestLogger  - You're using the API key: This is a valid API key
]]></system-out>
  </testcase>
</testsuite>